[   0.000] nitilingcgrop subsys cpuset
   0.000000] Intiling cgrupubsycp
[    0000] itlizincgup subyscpuacct
[  000000 Luxverson.40-59-genec buil@lgw1-11) (c ersion 5.4.0 2160609 (buu 5..0ubnt1~.0.4) ) #0-untu SMPFrJan  1:4:4 UTC 217Ubnt4.0-59.8-geeric .435)
[    0.000000] Command line: BOOT_IMAGE=/bot/liuz-4..09-eneric rot=AB=clouim-rtfs  csolettycosole=tty
[    0.000000] KENEsupporedcps:
[    .000]   IelGeuinInl
    0.00000  MD utntcAMD
  0.000] CenturCetaurau
    00000 x86/fp xtae_fst[2]  6,xstatesis[2]:  2
    0000] x86/fpu: SupportngSAE feur0x01'x floti pin rgiters
   0.000] x86/fpu: Supporting XSAVEfetue 0x: SS regite'
[  000000]x8fp: Supprtg SAVEeaur 0x04: 'AV registers

[    0.0000x86/pu: abled ste eatre0x, contet ze i 8 btes, ungstanda' orma.    0.000000] x86/puUsngla' FPcoext witches.
[    0.000000] e820: BIOS-provided physical RAM map:
[    00000]BIS-e82: me0x00000000000-0x00000009fb] sable
[   00000 BOS-e820: [m 0x0000000fc0-000000009ffff]rervd
  0.00000] BS-20: emx0000000f00-00000000fffff] rseve
[    0.000000 BOS-e20: me 0x0000001000000x0000007feff] usabe    0.0000BIOSe8: mem 0x00007fff000-0000007ffff] AI ta
  0.0000] IO-e820[m 0x0000000ec0000x000000c0ff] seved
[  00000 BOS-e820: [m x0000000e0000-x00000fee0ff rserv
   0.000 BIO-e0:[mem0x00000ffc000x00000ffffff]esrved
[    0.00000NX (Excu Dsabl ptectio aive
[    0.000000] SMBIOS 2.5 present.
[    0.000000] Hypervisor detected: KVM
[    0.000000] e820: last_pfn = 0x7fff0 max_arch_pfn = 0x400000000
[    0.000000] MTRR: Disabled
[    0.000000] x86/PAT: MTRRs disabled, skipping PAT initialization too.
[    0.000000] x86/PAT: onguatio [7] WB T UC U W  WT  U U  
[   .0000] C MRs allblk  virtuizd system
  0.0000 fund SMP P-bl at me0x009ff0-x009fff] apd at [fff80000ff
[    00000 Sanng1 aea f low memorcouption
[   .00000] RAMIS: [mem x37600-0x3752ff][   0.000]CP Eary bl cheks vriicio disbl
    0000 AI: RSDP 000000000000 00 (v0VB  )[  0000000 AI: XSD 000007FFF030 00 (v0VB   VBOXXSDT 000001 AL  00006)
[   00000]CP FCP 0x00000FFF00F0 00F4(v VX   VBXFCP0000001SL 00006
[   00000] CP DDT 0000007FFF700210F v0VBX   VBOXBIS 000000 IL 201052
    0.000] ACPI FS 0x000007FFF0200 0040
[    0000] ACI:AC 0x000007FF00 0040
[    0.00000] PI API0x0000007FFF0240 000 (02BO  VBXAC 000001SL 00000061)
[   .00000AC: SST 0000007F020 001 (01 VOX VBXCPUT 00000002 INTL 20152)
[   0.0000 N NA nfigatn found[  0.0000] Faing  node t em0x0000000000000x0000007feff
[   00000] NOD_DA(0) aocted [mem 0x7ffeb000-07ffff]   0.00000] m-lock Ungmsrsb54d a 4b564d0
[   0.00000]kvclck: u , m 07ffe00 pimarcpclock
   0.00000] k-cck: insched offst f 303288402 yces
[   00000] cocourc: m-lo: sk: 0xfffffffffff m_cycle 01cd42edf, ax_idlens881590143 ns
[    0.000000] Zone ranges:
[    0.000000]   DMA      [mem 0x0000000000001000-0x0000000000ffffff]
[    .000000  MA32  [mm 00000001000-0000000007ffeffff]
[    0.000000]   Normal   empty
[    0.000000]   Device   empty
[    0.000000] Movable zone start for each node
[    0.000000] Early memory node ranges
[   0.000]   de 0: emx00000000001000-0000000009ff
[   0.000000]   od   0[mm 0x00000010000x00007ffeffff
[   0.000 Iniemetupno 0 [mm 0x0000000001000-x0000007fff]
[  00000 API: M-mer IO Port: 0x4008
[   .000000] AP[0]: ac_ 2, vsi 32,ades 0xf000, GSI0-
[  0.0000 AI:INT_SRCVR(bs bu_irq0 obl_iq  dfl dfl
[   0.0000] CP: NT_SRC_OR bu 0buir 9globalrq higlel)
[  000000 Ung APIMAT) f SP onfiurio infomaon
[   .0000] sbo: Alowg 2 CPs, htplg Us
[  000000]M:egistere nave moy:[mem x00000-0x000ff
[    .000] PM Rgiteed nsae mory [m x000000x009ff]
[   00000 P Rgisteredosve mmo: mem 0x0a00-0x00eff
[   0000 P Regstednosave memy:[memx0f0000x0fffff
[   000000] e820[mem 000000-feffff ailbl f PI devies
[   0000] Boti pravirtuaizd keneonKVM
[   000000]losource: rfid-jifi: ask:0xffffma_ccles: xfffff, axdl_n: 45516002158 ns
[    000000]et_peru:NRCP:52 nr_cpma_bts:2 _cpuid2 r_nodeid1
[  000000PECPU: mbde 33 ge/cpuff8800c000 s984 812 d287 u48576[  00000] V qspiochash tale nties 256 (ode 0, 406 te)
[  000000] Bil 1zolits i Ne rder mbity gropi on.Tol paes51961
  0.0000 Pliczo: DMA32
[    0.000000] Kernel command line: BOOT_IMAGE=/boot/vmlinuz-4.4.0-59-generic root=LABEL=cloudimg-ot ro cnse=ty csoe=ttyS0
[   0.00000]IDhashab entie: 496(ord:  32768 bes
[   0000 Mor: 203428K/96696Kavlabl(86Kkernel ce, 129K wdta, 39K data, 48 iit, 13K ss, 40 resrv, K cma-seved)
  0.00000] SLU: Walign=6, rder0- MnObjects0,CPUs=2, Nodes=1
[    0.000000] Hierarchical RCU implementation.
[    0.000000] 	Build-time adjustment of leaf fanout to 64.
[    0.000000] 	RCU restricting CPU fom N_CS=12 tnrpu_is=
    0000] RCU: Austi gomtry forcufanout_leaf=64 nr_puds=2
[    0.000000] NR_IRQS:33024 nr_irqs:440 16
[    0.000000] Console: colour VGA+ 80x25
[    0.000000] console [t1]nabld    0.000] console [ttyS] enaed
[    0.000000] tsc: Detected 2294.688 MHz processor
[   24.092647] Calibrating delay loop (skipped) preset value.. 4589.37 BogoMIPS (lpj=9178752)
[   24.243557] pid_max: default: 32768 minimum: 301
[   24.258242] ACPI: Core revision 20150930
[   24.316417] ACPI: 2 ACPI AML tables successfully acquired and loaded
[   24.446395] Security Framework initialized
[   24.502871] Yama: becoming mindful.
[   24.577969] AppArmor: AppArmor initialized
[   24.644582] Dentry cache hash table entries: 262144 (order: 9, 2097152 bytes)
[   24.790117] Inode-cache hash table entries: 131072 (order: 8, 1048576 bytes)
[   24.959045] Mount-cache hash table entries: 4096 (order: 3, 32768 bytes)
[   25.095440] Mountpoint-cache hash table entries: 4096 (order: 3, 32768 bytes)
[   25.267322] Initializing cgroup subsys io
[   25.350069] Initializing cgroup subsys memory
[   25.450933] Initializing cgroup subsys devices
[   25.506310] Initializing cgroup subsys freezer
[   25.608204] Initializing cgroup subsys net_cls
[   25.716102] Initializing cgroup subsys perf_event
[   25.825450] Initializing cgroup subsys net_prio
[   25.937581] Initializing cgroup subsys hugetlb
[   26.046102] Initializing cgroup subsys pids
[   26.134559] CPU: Physical Processor ID: 0
[   26.213847] CPU: Processor Core ID: 0
[   26.283369] mce: CPU supports 0 MCE banks
[   26.375182] Last level iTLB entries: 4KB 1024, 2MB 1024, 4MB 1024
[   26.504354] Last level dTLB entries: 4KB 1024, 2MB 1024, 4MB 1024, 1GB 4
[   26.651678] Freeing SMP alternatives memory: 32K (ffffffff820b8000 - ffffffff820c0000)
[   26.791406] ftrace: allocating 32064 entries in 126 pages
[   26.932259] smpboot: APIC(0) Converting physical 0 to logical package 0
[   26.995778] smpboot: Max logical packages: 1
[   26.998688] x2apic enabled
[   26.999424] Switched APIC routing to physical x2apic.
[   27.001251] ..TIMER: vector=0x30 apic1=0 pin1=2 apic2=-1 pin2=-1
[   27.258055] smpboot: CPU0: Intel(R) Core(TM) i7-4850HQ CPU @ 2.30GHz (family: 0x6, model: 0x46, stepping: 0x1)
[   27.510710] Performance Events: unsupported p6 CPU model 70 no PMU driver, software events only.
[   27.680140] KVM setup paravirtual spinlock
[   27.754773] x86: Booting SMP configuration:
[   27.862456] .... node  #0, CPUs:      #1
[   27.945937] kvm-clock: cpu 1, msr 0:7ffe3041, secondary cpu clock
[   28.046542] mce: CPU supports 0 MCE banks
[   28.129737] x86: Booted up 1 node, 2 CPUs
[   28.217670] smpboot: Total of 2 processors activated (9178.75 BogoMIPS)
[   28.354703] devtmpfs: initialized
[   28.400543] evm: security.selinux
[   28.450726] evm: security.SMACK64
[   28.510075] evm: security.SMACK64EXEC
[   28.582443] evm: security.SMACK64TRANSMUTE
[   28.623026] evm: security.SMACK64MMAP
[   28.666242] evm: security.ima
[   28.718391] evm: security.capability
[   28.736234] clocksource: jiffies: mask: 0xffffffff max_cycles: 0xffffffff, max_idle_ns: 7645041785100000 ns
[   28.760326] pinctrl core: initialized pinctrl subsystem
[   28.792077] RTC time: 13:48:30, date: 02/03/17
[   28.878422] NET: Registered protocol family 16
[   28.990629] cpuidle: using governor ladder
[   29.102818] cpuidle: using governor menu
[   29.196642] PCCT header not found.
[   29.254394] ACPI: bus type PCI registered
[   29.331010] acpiphp: ACPI Hot Plug PCI Controller Driver version: 0.5
[   29.446187] PCI: Using configuration type 1 for base access
[   29.571208] ACPI: Added _OSI(Module Device)
[   29.657554] ACPI: Added _OSI(Processor Device)
[   29.722792] ACPI: Added _OSI(3.0 _SCP Extensions)
[   29.723564] ACPI: Added _OSI(Processor Aggregator Device)
[   29.725206] ACPI: Executed 1 blocks of module-level executable AML code
[   29.745501] ACPI: Interpreter enabled
[   29.787387] ACPI: (supports S0 S5)
[   29.823844] ACPI: Using IOAPIC for interrupt routing
[   29.875662] PCI: Using host bridge windows from ACPI; if necessary, use "pci=nocrs" and report a bug
[   29.880653] ACPI: PCI Root Bridge [PCI0] (domain 0000 [bus 00-ff])
[   30.006261] acpi PNP0A03:00: _OSC: OS supports [ASPM ClockPM Segments MSI]
[   30.150177] acpi PNP0A03:00: _OSC failed (AE_NOT_FOUND); disabling ASPM
[   30.317556] acpi PNP0A03:00: fail to add MMCONFIG information, can't access extended PCI configuration space under this bridge.
[   30.603254] PCI host bridge to bus 0000:00
[   30.714465] pci_bus 0000:00: root bus resource [io  0x0000-0x0cf7 window]
[   30.811019] pci_bus 0000:00: root bus resource [io  0x0d00-0xffff window]
[   30.986756] pci_bus 0000:00: root bus resource [mem 0x000a0000-0x000bffff window]
[   31.190013] pci_bus 0000:00: root bus resource [mem 0x80000000-0xffdfffff window]
[   31.363029] pci_bus 0000:00: root bus resource [bus 00-ff]
[   31.522382] pci 0000:00:01.1: legacy IDE quirk: reg 0x10: [io  0x01f0-0x01f7]
[   31.697475] pci 0000:00:01.1: legacy IDE quirk: reg 0x14: [io  0x03f6]
[   31.803371] pci 0000:00:01.1: legacy IDE quirk: reg 0x18: [io  0x0170-0x0177]
[   31.834715] pci 0000:00:01.1: legacy IDE quirk: reg 0x1c: [io  0x0376]
[   31.854379] pci 0000:00:07.0: quirk: [io  0x4000-0x403f] claimed by PIIX4 ACPI
[   31.964216] pci 0000:00:07.0: quirk: [io  0x4100-0x410f] claimed by PIIX4 SMB
[   32.135276] ACPI: PCI Interrupt Link [LNKA] (IRQs 5 9 10 *11)
[   32.223089] ACPI: PCI Interrupt Link [LNKB] (IRQs 5 9 10 *11)
[   32.359894] ACPI: PCI Interrupt Link [LNKC] (IRQs 5 9 *10 11)
[   32.480262] ACPI: PCI Interrupt Link [LNKD] (IRQs 5 *9 10 11)
[   32.583809] ACPI: Enabled 2 GPEs in block 00 to 07
[   32.683031] vgaarb: setting as boot device: PCI:0000:00:02.0
[   32.818086] vgaarb: device added: PCI:0000:00:02.0,decodes=io+mem,owns=io+mem,locks=none
[   32.954810] vgaarb: loaded
[   32.962292] vgaarb: bridge control possible 0000:00:02.0
[   32.974681] SCSI subsystem initialized
[   32.982468] ACPI: bus type USB registered
[   33.002521] usbcore: registered new interface driver usbfs
[   33.116150] usbcore: registered new interface driver hub
[   33.195372] usbcore: registered new device driver usb
[   33.306197] PCI: Using ACPI for IRQ routing
[   33.361540] NetLabel: Initializing
[   33.362948] NetLabel:  domain hash size = 128
[   33.363824] NetLabel:  protocols = UNLABELED CIPSOv4
[   33.448612] NetLabel:  unlabeled traffic allowed by default
[   33.555822] amd_nb: Cannot enumerate AMD northbridges
[   33.666610] clocksource: Switched to clocksource kvm-clock
[   3.74] AppArmor:Aprm Fleysm abd  4.96] p:nPCPin
  4.349]npPnACPI: found 3 eves
[   35.083832] clocksource: acpi_pm: mask: 0xffffff max_cycles: 0xffffff, max_idle_ns: 2085701024 ns
[   35.144610] NET: Registered protocol family 2
[   35.177545] TCP established hash table entries: 16384 (order: 5, 131072 bytes)
[   35.296741] TCP bind hash table entries: 16384 (order: 6, 262144 bytes)
[   35.492755] TCP: Hash tables configured (established 16384 bind 16384)
[   35.745064] UDP hash table entries: 1024 (order: 3, 32768 bytes)
[   35.798064] UDP-Lite hash table entries: 1024 (order: 3, 32768 bytes)
[   35.912573] NET: Registered protocol family 1
[   36.072877] pci 0000:00:00.0: Limiting direct PCI/PCI transfers
[   36.203228] pci 0000:00:01.0: Activating ISA DMA hang workarounds
[   36.218769] Trying to unpack rootfs image as initramfs...
[   37.843177] Freeing initrd memory: 10484K (ffff880036b76000 - ffff8800375b3000)
[   37.897965] platform rtc_cmos: registered platform RTC device (no PNP device found)
[   37.953508] Scanning for low memory corruption every 60 seconds
[   38.002903] futex hash table entries: 512 (order: 3, 32768 bytes)
[   38.058352] audit: initializing netlink subsys (disabled)
[   38.101817] audit: type=2000 audit(1486129692.226:1): initialized
[   38.113841] Initialise system trusted keyring
[   38.152089] HugeTLB registered 2 MB page size, pre-allocated 0 pages
[   38.186877] zbud: loaded
[   38.229436] VFS: Disk quotas dquot_6.6.0
[   38.271859] VFS: Dquot-cache hash table entries: 512 (order 0, 4096 bytes)
[   38.358551] squashfs: version 4.0 (2009/01/31) Phillip Lougher
[   38.386585] fuse init (API version 7.23)
[   38.398932] Key type big_key registered
[   38.409181] Allocating IMA MOK and blacklist keyrings.
[   38.454401] Key type asymmetric registered
[   38.479577] Asymmetric key parser 'x509' registered
[   38.539252] Block layer SCSI generic (bsg) driver version 0.4 loaded (major 249)
[   38.666726] io scheduler noop registered
[   38.704362] io scheduler deadline registered (default)
[   38.813509] io scheduler cfq registered
[   38.942624] tsc: Refined TSC clocksource calibration: 2294.224 MHz
[   38.947707] pci_hotplug: PCI Hot Plug PCI Core version: 0.5
[   38.947711] pciehp: PCI Express oot Plug Controller Driver version: 0.4
[   38.948035] ACPI: AC Adapter [AC] (on-line)
[   38.948085] input: Power Button as /devices/LNXSYSTM:00/LNXPWRBN:00/input/input0
[   38.948087] ACPI: Power Button [PWRF]
[   38.948145] input: Sleep Button as /devices/LNXSYSTM:00/LNXSLPBN:00/input/input1
[   38.948146] ACPI: Sleep Button [SLPF]
[   38.949130] ACPI: Battery Slot [BAT0] (battery present)
[   38.949160] GHES: HEST is not enabled!
[   39.122826] Serial: 8250/16550 driver, 32 ports, IRQ sharing enabled
[   39.262045] 00:02: ttyS0 at I/O 0x3f8 (irq = 4, base_baud = 115200) is a 16550A
[   39.420067] Linux agpgart interface v0.103
[   39.496361] brd: module loaded
[   39.497246] loop: module loaded
[   39.497775] scsi host0: ata_piix
[   39.497837] scsi host1: ata_piix
[   39.497863] ata1: PATA max UDMA/33 cmd 0x1f0 ctl 0x3f6 bmdma 0xd000 irq 14
[   39.497864] ata2: PATA max UDMA/33 cmd 0x170 ctl 0x376 bmdma 0xd008 irq 15
[   39.497937] libphy: Fixed MDIO Bus: probed
[   39.497939] tun: Universal TUN/TAP device driver, 1.6
[   39.497940] tun: (C) 1999-2004 Max Krasnyansky <maxk@qualcomm.com>
[   39.498221] PPP generic driver version 2.4.2
[   39.498275] ehci_hcd: USB 2.0 'Enhanced' Host Controller (EHCI) Driver
[   39.498278] ehci-pci: EHCI PCI platform driver
[   39.498295] ehci-platform: EHCI generic platform driver
[   39.498317] ohci_hcd: USB 1.1 'Open' Host Controller (OHCI) Driver
[   39.498323] ohci-pci: OHCI PCI platform driver
[   39.498331] ohci-platform: OHCI generic platform driver
[   39.498337] uhci_hcd: USB Universal Host Controller Interface driver
[   39.498389] i8042: PNP: PS/2 Controller [PNP0303:PS2K,PNP0f03:PS2M] at 0x60,0x64 irq 1,12
[   39.498869] serio: i8042 KBD port at 0x60,0x64 irq 1
[   39.498872] serio: i8042 AUX port at 0x60,0x64 irq 12
[   39.498962] mousedev: PS/2 mouse device common for all mice
[   39.499204] input: AT Translated Set 2 keyboard as /devices/platform/i8042/serio0/input/input2
[   39.499555] rtc_cmos rtc_cmos: rtc core: registered rtc_cmos as rtc0
[   39.499618] rtc_cmos rtc_cmos: alarms up to one day, 114 bytes nvram
[   39.499625] i2c /dev entries driver
[   39.499674] device-mapper: uevent: version 1.0.3
[   39.499735] device-mapper: ioctl: 4.34.0-ioctl (2015-10-28) initialised: dm-devel@redhat.com
[   39.499750] ledtrig-cpu: registered to indicate activity on CPUs
[   39.500107] NET: Registered protocol family 10
[   39.500237] NET: Registered protocol family 17
[   39.500245] Key type dns_resolver registered
[   39.500357] microcode: CPU0 sig=0x40661, pf=0x40, revision=0x0
[   39.505112] microcode: CPU1 sig=0x40661, pf=0x40, revision=0x0
[   39.505153] microcode: Microcode Update Driver: v2.01 <tigran@aivazian.fsnet.co.uk>, Peter Oruba
[   39.505291] registered taskstats version 1
[   39.505306] Loading compiled-in X.509 certificates
[   39.505980] Loaded X.509 cert 'Build time autogenerated kernel key: 6ffa6bfaa152a74cd2b6aa1e188cb999d8f5632b'
[   39.505997] zswap: loaded using pool lzo/zbud
[   39.507661] Key type trusted eegistered
[   39.509903] Key type encrypted registered
[   39.509908] AppArmor: AppArmor sha1 policy hashing enabled
[   39.509911] ima: No TPM chip found, activating TPM-bypass!
[   39.509949] evm: HMAC attrs: 0x1
[   39.510243]   Magic number: 5:365:836
[   39.611129] rtc_cmos rtc_cmos: setting system clock to 2017-02-03 13:48:41 UTC (1486129721)
[   39.611331] BIOS EDD facility v0.16 2004-Jun-25, 0 devices found
[   39.611332] EDD information not available.
[   44.355942] clocksource: tsc: mask: 0xffffffffffffffff max_cycles: 0x2111e4f8ee4, max_idle_ns: 440795282666 ns
[   44.634508] Freeing unused kernel memory: 1488K (ffffffff81f44000 - ffffffff820b8000)
[   45.762671] Write protecting the kernel read-only data: 14336k
[   45.901639] Freeing unused kernel memory: 1792K (ffff880001840000 - ffff880001a00000)
[   46.067669] Freeing unused kernel memory: 136K (ffff880001dde000 - ffff880001e00000)
Loading, please [   46.237499] random: systemd-udevd: uninitialized urandom read (16 bytes read, 5 bits of entropy available)
wait...
startin[   46.237976] random: udevadm: uninitialized urandom read (16 bytes read, 5 bits of entropy available)
g version 229
[   46.238005] random: udevadm: uninitialized urandom read (16 bytes read, 5 bits of entropy available)
[   46.238100] random: udevadm: uninitialized urandom read (16 bytes read, 5 bits of entropy available)
[   46.238132] random: udevadm: uninitialized urandom read (16 bytes read, 5 bits of entropy available)
[   46.238162] random: udevadm: uninitialized urandom read (16 bytes read, 5 bits of entropy available)
[   46.238193] random: udevadm: uninitialized urandom read (16 bytes read, 5 bits of entropy available)
[   46.238224] random: udevadm: uninitialized urandom read (16 bytes read, 5 bits of entropy available)
[   46.238252] random: udevadm: uninitialized urandom read (16 bytes read, 5 bits of entropy available)
[   46.238280] random: udevadm: uninitialized urandom read (16 bytes read, 5 bits of entropy available)
[   48.206826] e1000: Intel(R) PRO/1000 Network Driver - version 7.3.21-k8-NAPI
[   48.257472] e1000: Copyright (c) 1999-2006 Intel Corporation.
[   48.282527] Fusion MPT base driver 3.04.20
[   48.338543] Copyright (c) 1999-2008 LSI Corporation
[   48.449462] AVX version of gcm_enc/dec engaged.
[   48.522346] AES CTR mode by8 optimization enabled
[   48.622360] Fusion MPT SPI Host driver 3.04.20
[   48.744327] input: ImExPS/2 Generic Explorer Mouse as /devices/platform/i8042/serio1/input/input4
[   48.947172] e1000 0000:00:03.0 eth0: (PCI:33MHz:32-bit) 02:29:99:d5:6c:03
[   49.108853] e1000 0000:00:03.0 eth0: Intel(R) PRO/1000 Network Connection
[   49.609673] e1000 0000:00:08.0 eth1: (PCI:33MHz:32-bit) 08:00:27:97:b2:fa
[   49.618605] e1000 0000:00:08.0 eth1: Intel(R) PRO/1000 Network Connection
[   49.772345] e1000 0000:00:03.0 enp0s3: renamed from eth0
[   49.836968] mptbase: ioc0: Initiating bringup
[   49.847362] e1000 0000:00:08.0 enp0s8: renamed from eth1
[   50.676197] ioc0: LSI53C1030 A0: Capabilities={Initiator}
[   51.265203] scsi host2: ioc0: LSI53C1030 A0, FwRev=00000000h, Ports=1, MaxQ=256, IRQ=20
[   51.607950] floppy0: no floppy controllers found
[   52.265355] scsi 2:0:0:0: Direct-Access     VBOX     HARDDISK         1.0  PQ: 0 ANSI: 5
[   52.457140] scsi target2:0:0: Beginning Domain Validation
[   52.581673] scsi target2:0:0: Domain Validation skipping write tests
[   52.682425] scsi target2:0:0: Ending Domain Validation
[   52.788949] scsi target2:0:0: asynchronous
[   52.863419] scsi 2:0:1:0: Direct-Access     VBOX     HARDDISK         1.0  PQ: 0 ANSI: 5
[   53.065242] scsi target2:0:1: Beginning Domain Validation
[   53.205150] scsi target2:0:1: Domain Validation skipping write tests
[   53.287211] scsi target2:0:1: Ending Domain Validation
[   53.371443] scsi target2:0:1: asynchronous
[   53.449903] sd 2:0:0:0: Attached scsi generic sg0 type 0
[   53.561495] sd 2:0:1:0: [sdb] 20480 512-byte logical blocks: (10.5 MB/10.0 MiB)
[   53.561571] sd 2:0:0:0: [sda] 20971520 512-byte logical blocks: (10.7 GB/10.0 GiB)
[   53.566763] sd 2:0:1:0: Attached scsi generic sg1 type 0
[   53.950181] sd 2:0:0:0: [sda] Write Protect is off
[   54.047825] sd 2:0:1:0: [sdb] Write Protect is off
[   54.167517] sd 2:0:0:0: [sda] Incomplete mode parameter data
[   54.300835] sd 2:0:0:0: [sda] Assuming drive cache: write through
[   54.303203] sd 2:0:1:0: [sdb] Incomplete mode parameter data
[   54.303204] sd 2:0:1:0: [sdb] Assuming drive cache: write through
[   54.469637] sd 2:0:1:0: [sdb] Attached SCSI disk
[   54.769520]  sda: sda1
[   54.779195] sd 2:0:0:0: [sda] Attached SCSI disk
Begin: Loading e[   56.093588] md: linear personality registered for level -1
ssential drivers[   56.326285] md: multipath personality registered for level -4
 ... [   56.570512] md: raid0 personality registered for level 0
[   56.714194] md: raid1 personality registered for level 1
[   56.918843] raid6: sse2x1   gen()  9504 MB/s
[   57.042879] raid6: sse2x1   xor()  6727 MB/s
[   57.219154] raid6: sse2x2   gen() 12469 MB/s
[   57.398836] raid6: sse2x2   xor()  8596 MB/s
[   57.574843] raid6: sse2x4   gen() 15393 MB/s
[   57.747191] raid6: sse2x4   xor() 10393 MB/s
[   57.843580] raid6: using algorithm sse2x4 gen() 15393 MB/s
[   57.844445] raid6: .... xor() 10393 MB/s, rmw enabled
[   57.845253] raid6: using ssse3x2 recovery algorithm
[   57.864754] xor: automatically using best checksumming function:
[   58.026662]    avx       : 18883.000 MB/sec
[   58.057164] async_tx: api initialized (async)
[   58.107491] md: raid6 personality registered for level 6
[   58.223529] md: raid5 personality registered for level 5
[   58.336802] md: raid4 personality registered for level 4
[   58.503290] md: raid10 personality registered for level 10
done.
Begin: Running /scripts/init-premount ... done.[   58.645293] Btrfs loaded

Begin: Mounting root file system ... Begin: Running /scripts/local-top ... done.
Begin: Running /scripts/local-premount ... Scanning for Btrfs filesystems
done.
Warning: fsck no[   58.735343] EXT4-fs (sda1): mounted filesystem with ordered data mode. Opts: (null)
t present, so skipping root file system
done.
Begin: Running /scripts/local-bottom ... done.
Begin: Running /scripts/init-bottom ... done.
[   59.004523] systemd[1]: systemd 229 running in system mode. (+PAM +AUDIT +SELINUX +IMA +APPARMOR +SMACK +SYSVINIT +UTMP +LIBCRYPTSETUP +GCRYPT +GNUTLS +ACL +XZ -LZ4 +SECCOMP +BLKID +ELFUTILS +KMOD -IDN)
[   59.273378] systemd[1]: Detected virtualization oracle.
[   59.375501] systemd[1]: Detected architecture x86-64.

Welcome to [1mUbuntu 16.04.1 LTS[0m!

[ 59358]systd[: t stame o buu>

[ 60819]ysem1]: Iniazig che  fm ando geror

[   60.869968] sytemd[1: stletrsit tcmachine-id fi.
[ 61202]system[1 Ltengon Journalock.
[[0;32m  OK  [0m] Listening on Journal Socket.
[ 629511 syemd1]Reached art crptd oles
[[0;32m  OK  [0m] Reached target Encrypted Volumes.
[ 625155 sysmd1]Seuputou Aitryxecuab Fe rmtsil Stem utou Pnt

[[0;32m  OK  [0m] Set up automount Arbitrary Executab...ats File System Automount Point.
[ 63997]ysmd]:tated Forwd ssrdeqsttoWall DiecorWah.
[[0;32m  OK  [0m] Started Forward Password Requests to Wall Directory Watch.
[ 64710]ysmd]:Listening  /dev/inctCoatily mePipe
[[0;32m  OK  [0m] Listening on /dev/initctl Compatibility Named Pipe.
[ 65758]ysmd]:isnig on udev KneSoke. [[0;32m  OK  [0m] Listening on udev Kernel Socket.
[ 6663339] sstmd[1]: iseng  SloSoet

[[0;32m  OK  [0m] Listening on Syslog Socket.
[ 67272272syem1]Crtesle Systemlic. [[0;32m  OK  [0m] Created slice System Slice.
[   67.986946] systemd[1]: Starting Create list of required static device nodes for the current kernel...
         Starting Create list of required st... nodes for the current kernel...
[   68.243380] systemd[1]: Mounting Debug File System...
[   68.367370] random: nonblocking pool is initialized
         Mounting Debug File System...
[   68.599120] systemd[1]: Starting Set console keymap...
         Starting Set console keymap...
[   68.77920] stmd[1]:Crteslce syste-siax2et.sic.
[[0;32m  OK  [0m] Created slice system-serial\x2dgetty.slice.
[ 693865systemd]:reed sli Ur d ssion Slice.
[[0;32m  OK  [0m] Created slice User and Session Slice.
[   69.928 sted[]:RehetaetSlices
[[0;32m  OK  [0m] Reached target Slices.
[ 7087700] syte[1 Lteng on LVM2 metadata daemon socket.
[[0;32m  OK  [0m] Listening on LVM2 metadata daemon socket.
[   70.983173] systemd[1]: Litengn ev Cotr Sket. [[0;32m  OK  [0m] Listening on udev Control Socket.
[   71.611492] systemd[1]: Mounting POSIX Message Queue File System...
         Mounting POSIX Message Queue File System...
[ 7110979] systemd[1]: Reached target User and Group Name Lookups.
[[0;32m  OK  [0m] Reached target User and Group Name Lookups.
[   71.927365] systemd[1]: Mounting Huge Pages File System...
         Mounting Huge Pages File System...
[ 72153]ysem[1]:isni oJouraloct /devog
[[0;32m  OK  [0m] Listening on Journal Socket (/dev/log).
[   72.967281] systemd[1]: Starting Load Kernel Modules...
         Starting Load Ke[   73.099056] Loading iSCSI transport class v2.0-870.
rnel Modules...
[   73.191240] systemd[1]: Starting Uncomplicated firewall...
[   73.211049] iscsi: registered transport (tcp)
         Starting Uncomplicated firewall...
[   73.231682] iscsi: registered transport (iser)
[   73.266227] systemd[1]: Reached target Swap.
[[0;32m  OK  [0m] Reached target Swap.
[   73.323414] systemd[1]: Starting Nameserver information manager...
         Starting Nameserver information manager...
[   73.419754] systemd[1]: Listening on Device-mapper event daemon FIFOs.
[[0;32m  OK  [0m] Listening on Device-mapper event daemon FIFOs.
[   73.422418] systemd[1]: Starting Monitoring of LVM2 mirrors, snapshots etc. using dmeventd or progress polling...
         Starting Monitoring of LVM2 mirrors... dmeventd or progress polling...
[ 73199]sytemd1]Lieng  Jrn Aitoct.
[[0;32m  OK  [0m] Listening on Journal Audit Socket.
[   74.458877] systemd[1]: Starting Journal Service...
         Starting Journal Service...
[   74.515336] systemd[1]: Listening on LVM2 poll daemon socket.
[[0;32m  OK  [0m] Listening on LVM2 poll daemon socket.
[   74.739169] systemd[1]: Starting Remount Root and Kernel File Systems...
         [   74.918561] EXT4-fs (sda1): re-mounted. Opts: (null)
Starting Remount Root and Kernel File Systems...
[ 75384]ysted[1]MotePOX ssgeuee Fie System.
[[0;32m  OK  [0m] Mounted POSIX Message Queue File System.
[ 757517] systmd]:ouedugPas Fi Ste
[[0;32m  OK  [0m] Mounted Huge Pages File System.
[ 76239]ysmd[1]: Monted Debug Fi Ste.
[[0;32m  OK  [0m] Mounted Debug File System.
[   76997]ysmd]:taedournalervice. [[0;32m  OK  [0m] Started Journal Service.
[[0;32m  OK  [0m] Started Create list of required sta...ce nodes for the current kernel.
[[0;32m  OK  [0m] Started Set console keymap.
[[0;32m  OK  [0m] Started Load Kernel Modules.
[[0;32m  OK  [0m] Started Uncomplicated firewall.
[[0;32m  OK  [0m] Started Remount Root and Kernel File Systems.
[[0;32m  OK  [0m] Started Nameserver information manager.
[[0;32m  OK  [0m] Started LVM2 metadata daemon.
         Starting Load/Save Random Seed...
         Starting udev Coldplug all Devices...
         Starting Initial cloud-init job (pre-networking)...
         Mounting FUSE Control File System...
         Starting Apply Kernel Variables...
         Starting Create Static Device Nodes in /dev...
         Starting Flush Journal to Persistent Storage...
[[0;32m  OK  [0m] Mounted FUSE Control File System.
[[0;32m  OK  [0m] Started Monitoring of LVM2 mirrors,...ng dmeventd or progress polling.
[[0;32m  OK  [0m] Started Load/Save Random Seed.
[[0;32m  OK  [0m] Started Apply Kernel Variables.
[[0;32m  OK  [0m] Started Create Static Device Nodes in /dev.
[[0;32m  OK  [0m] Started udev Coldplug all Devices.
[[0;32m  OK  [0m] Started Flush Journal to Persistent Storage.
         Starting udev Kernel Device Manager...
[[0;32m  OK  [0m] Started udev Kernel Device Manager.
[[0;32m  OK  [0m] Started Dispatch Password Requests to Console Directory Watch.
[[0;32m  OK  [0m] Reached target Local File Systems (Pre).
[[0;32m  OK  [0m] Reached target Local File Systems.
         Starting Commit a transient machine-id on disk...
         Starting Tell Plymouth To Write Out Runtime Data...
         Starting LSB: AppArmor initialization...
         Starting Create Volatile Files and Directories...
[   45.937898] cloud-init[475]: Cloud-init v. 0.7.8 running 'init-local' at Fri, 03 Feb 2017 13:49:20 +0000. Up 45.69 seconds.
         Starting Set console font and keymap...
[[0;32m  OK  [0m] Started Commit a transient machine-id on disk.
[[0;32m  OK  [0m] Started Tell Plymouth To Write Out Runtime Data.
[[0;32m  OK  [0m] Started Create Volatile Files and Directories.
[[0;32m  OK  [0m] Started Initial cloud-init job (pre-networking).
[[0;32m  OK  [0m] Found device /dev/ttyS0.
[[0;32m  OK  [0m] Listening on Load/Save RF Kill Switch Status /dev/rfkill Watch.
[[0;32m  OK  [0m] Reached target Network (Pre).
         Starting Update UTMP about System Boot/Shutdown...
[[0;32m  OK  [0m] Reached target System Time Synchronized.
[[0;32m  OK  [0m] Started LSB: AppArmor initialization.
[[0;32m  OK  [0m] Started Set console font and keymap.
[[0;32m  OK  [0m] Started Update UTMP about System Boot/Shutdown.
[[0;32m  OK  [0m] Created slice system-getty.slice.
         Starting Raise network interfaces...
[[0;32m  OK  [0m] Started Raise network interfaces.
         Starting Initial cloud-init job (metadata service crawler)...
[[0;32m  OK  [0m] Reached target Network.
[   49.362854] cloud-init[1054]: Cloud-init v. 0.7.8 running 'init' at Fri, 03 Feb 2017 13:49:23 +0000. Up 48.99 seconds.
[[0;32m  OK  [0m] Started Initial cloud-init job (metadata service crawler).
[   49.491662] cloud-init[1054]: ci-info: ++++++++++++++++++++++++++++++++++++++Net device info++++++++++++++++++++++++++++++++++++++
[   49.884669] cloud-init[1054]: ci-info: +--------+-------+----------------------------+---------------+-------+-------------------+
[   50.016723] cloud-init[1054]: ci-info: | Device |   Up  |          Address           |      Mask     | Scope |     Hw-Address    |
[[0;32m  OK  [0m] Reached target Network is Online.
[   50.119941] cloud-init[1054]: ci-info: +--------+-------+----------------------------+---------------+-------+-------------------+
[   50.296287] cloud-init[1054]: ci-info: | enp0s8 | False |             .              |       .       |   .   | 08:00:27:97:b2:fa |
[   50.305261] cloud-init[1054]: ci-info: |   lo   |  True |         127.0.0.1          |   255.0.0.0   |   .   |         .         |
         Starting iSCSI initiator daemon (iscsid)...
[[0;32m  OK  [0m] Reached target Cloud-config availability.
[[0;32m  OK  [0m] Reached target System Initialization.
[   50.323156] cloud-init[1054]: ci-info: |   lo   |  True |          ::1/128           |       .       |  host |         .         |
[   50.597133] cloud-init[1054]: ci-info: | enp0s3 |  True |         10.0.2.15          | 255.255.255.0 |   .   | 02:29:99:d5:6c:03 |
[[0;32m  OK  [0m] Started Timer to automatically refresh installed snaps.
[[0;32m  OK  [0m] Started Trigger resolvconf update for networkd DNS.
[   50.711810] cloud-init[1054]: ci-info: | enp0s3 |  True | fe80::29:99ff:fed5:6c03/64 |       .       |  link | 02:29:99:d5:6c:03 |
[   50.972809] cloud-init[1054]: ci-info: +--------+-------+----------------------------+---------------+-------+-------------------+
[[0;32m  OK  [0m] Started Daily Cleanup of Temporary Directories.[   51.072352] cloud-init[1054]: ci-info: +++++++++++++++++++++++++++Route IPv4 info++++++++++++++++++++++++++++
[   51.072701] cloud-init[1054]: ci-info: +-------+-------------+----------+---------------+-----------+-------+
[   51.072751] cloud-init[1054]: ci-info: | Route | Destination | Gateway  |    Genmask    | Interface | Flags |
[   51.072792] cloud-init[1054]: ci-info: +-------+-------------+----------+---------------+-----------+-------+
[   51.072840] cloud-init[1054]: ci-info: |   0   |   0.0.0.0   | 10.0.2.2 |    0.0.0.0    |   enp0s3  |   UG  |
[   51.072883] cloud-init[1054]: ci-info: |   1   |   10.0.2.0  | 0.0.0.0  | 255.255.255.0 |   enp0s3  |   U   |
[   51.072922] cloud-init[1054]: ci-info: +-------+-------------+----------+---------------+-----------+-------+
[   51.072961] cloud-init[1054]: Generating public/private rsa key pair.
[   51.072999] cloud-init[1054]: Your identification has been saved in /etc/ssh/ssh_host_rsa_key.
[   51.073040] cloud-init[1054]: Your public key has been saved in /etc/ssh/ssh_host_rsa_key.pub.
[   51.073078] cloud-init[1054]: The key fingerprint is:
[   51.073120] cloud-init[1054]: SHA256:wz8Vwv6Yq1qwxz5InPqQvnOLrSAY4xxcR73147BctGQ root@ubuntu-xenial
[   51.073159] cloud-init[1054]: The key's randomart image is:
[   51.073201] cloud-init[1054]: +---[RSA 2048]----+
[   51.073241] cloud-init[1054]: |     ..          |
[   51.073280] cloud-init[1054]: |    .  . o E     |
[   51.073320] cloud-init[1054]: |   . .  o B o    |
[   51.073682] cloud-init[1054]: |. . .  o o * .   |
[   51.073727] cloud-init[1054]: |oo   ...S * o    |
[   51.073762] cloud-init[1054]: |+o.  .++ = *     |
[   51.073796] cloud-init[1054]: |oo. oo..+ = .    |
[   51.073831] cloud-init[1054]: | . oo+o+.  o     |
[   51.073866] cloud-init[1054]: |    =*=ooo.      |
[   51.073899] cloud-init[1054]: +----[SHA256]-----+
[   51.073934] cloud-init[1054]: Generating public/private dsa key pair.
[   51.073970] cloud-init[1054]: Your identification has been saved in /etc/ssh/ssh_host_dsa_key.
[   51.074005] cloud-init[1054]: Your public key has been saved in /etc/ssh/ssh_host_dsa_key.pub.
[   51.074043] cloud-init[1054]: The key fingerprint is:
[   51.074084] cloud-init[1054]: SHA256:fybWjoBU2sX3W6ilVzhzwmIgcpJDxTEmKlRB/J4cZkE root@ubuntu-xenial
[   51.074121] cloud-init[1054]: The key's randomart image is:
[   51.074156] cloud-init[1054]: +---[DSA 1024]----+
[   51.074192] cloud-init[1054]: |  .++oEo=.       |
[   51.074238] cloud-init[1054]: | .  .o.+.o       |
[   51.074280] cloud-init[1054]: |  . ..=.+ + .    |
[   51.074320] cloud-init[1054]: |   .  =O o o o o |
[   51.074379] cloud-init[1054]: |     =ooS   o X +|
[   51.074419] cloud-init[1054]: |     .+. . o = O |
[   51.074467] cloud-init[1054]: |      . . + * o  |
[   51.074503] cloud-init[1054]: |         o * .   |
[   51.074568] cloud-init[1054]: |          . .    |
[   51.074607] cloud-init[1054]: +----[SHA256]-----+
[   51.074645] cloud-init[1054]: Generating public/private ecdsa key pair.
[   51.074681] cloud-init[1054]: Your identification has been saved in /etc/ssh/ssh_host_ecdsa_key.
[   51.074715] cloud-init[1054]: Your public key has been saved in /etc/ssh/ssh_host_ecdsa_key.pub.
[   51.074750] cloud-init[1054]: The key fingerprint is:
[   51.074785] cloud-init[1054]: SHA256:U1f0agh0mvysIOJsEqR+Hj8yLxcIktOvrj38liINHNQ root@ubuntu-xenial
[   51.074820] cloud-init[1054]: The key's randomart image is:
[   51.074855] cloud-init[1054]: +---[ECDSA 256]---+
[   51.074889] cloud-init[1054]: |  .       . ..o  |
[   51.074928] cloud-init[1054]: | . E     o + . . |
[   51.074963] cloud-init[1054]: |.o.       * .   .|
[   51.074999] cloud-init[1054]: |+=.      . = . . |
[   51.075035] cloud-init[1054]: |+.+.o . S   + o  |
[   51.075072] cloud-init[1054]: |o. =.o . o . .   |
[   51.075106] cloud-init[1054]: | =.++..   .      |
[   51.075142] cloud-init[1054]: |..O*=o           |
[   51.075176] cloud-init[1054]: |.+o*Bo.          |
[   51.075211] cloud-init[1054]: +----[SHA256]-----+
[   51.075245] cloud-init[1054]: Generating public/private ed25519 key pair.
[   54.267087] cloud-init[1054]: Your identification has been saved in /etc/ssh/ssh_host_ed25519_key.
[   54.267136] cloud-init[1054]: Your public key has been saved in /etc/ssh/ssh_host_ed25519_key.pub.
[   54.267168] cloud-init[1054]: The key fingerprint is:
[   54.267198] cloud-init[1054]: SHA256:W12lRvsUeJAO91GBb3luC1LkHVhXEi8QiURhhOfYz+4 root@ubuntu-xenial
[   54.267236] cloud-init[1054]: The key's randomart image is:
[   54.267265] cloud-init[1054]: +--[ED25519 256]--+
[   54.267294] cloud-init[1054]: |         =*oo+@=O|
[   54.267324] cloud-init[1054]: |        ..o..X Xo|
[   54.267352] cloud-init[1054]: |         =  * @ *|
[   54.267381] cloud-init[1054]: |        . o. * X.|
[   54.267408] cloud-init[1054]: |        S .oo ..o|
[   54.267435] cloud-init[1054]: |         o .o.  o|
[   54.267466] cloud-init[1054]: |        .  .. ...|
[   54.267495] cloud-init[1054]: |            .  . |
[   54.267523] cloud-init[1054]: |           .E    |
[   54.267552] cloud-init[1054]: +----[SHA256]-----+

[[0;32m  OK  [0m] Started ACPI Events Check.
[[0;32m  OK  [0m] Reached target Paths.
[[0;32m  OK  [0m] Listening on D-Bus System Message Bus Socket.
[[0;32m  OK  [0m] Listening on UUID daemon activation socket.
         Starting LXD - unix socket.
[[0;32m  OK  [0m] Started Daily apt activities.
[[0;32m  OK  [0m] Reached target Timers.
[[0;32m  OK  [0m] Listening on ACPID Listen Socket.
         Starting Socket activation for snappy daemon.
[[0;32m  OK  [0m] Listening on LXD - unix socket.
[[0;32m  OK  [0m] Listening on Socket activation for snappy daemon.
[[0;32m  OK  [0m] Started iSCSI initiator daemon (iscsid).
         Starting Login to default iSCSI targets...
[[0;32m  OK  [0m] Reached target Sockets.
[[0;32m  OK  [0m] Reached target Basic System.
         Starting Pollinate to seed the pseudo random number generator...
         Starting LSB: Record successful boot for GRUB...
         Starting Login Service...
         Starting System Logging Service...
[[0;32m  OK  [0m] Started Deferred execution scheduler.
         Starting LXD - container startup/shutdown...
         Starting /etc/rc.local Compatibility...
[[0;32m  OK  [0m] Started ACPI event daemon.
[[0;32m  OK  [0m] Started Snappy daemon.
         Starting Auto import assertions from block devices...
         Starting Apply the settings specified in cloud-config...
[[0;32m  OK  [0m] Started D-Bus System Message Bus.
[[0;32m  OK  [0m] Started FUSE filesystem for LXC.
         Starting LSB: MD monitoring daemon...
         Starting Accounts Service...
[[0;32m  OK  [0m] Started Regular background program processing daemon.
[[0;32m  OK  [0m] Started System Logging Service.
[[0;32m  OK  [0m] Started Pollinate to seed the pseudo random number generator.
[[0;32m  OK  [0m] Started LXD - container startup/shutdown.
[[0;32m  OK  [0m] Started /etc/rc.local Compatibility.
[[0;32m  OK  [0m] Started Auto import assertions from block devices.
[   57.472199] cloud-init[1229]: Generating locales (this might take a while)...
[[0;32m  OK  [0m] Started Login to default iSCSI targets.
[[0;32m  OK  [0m] Started LSB: Record successful boot for GRUB.
[[0;32m  OK  [0m] Started LSB: MD monitoring daemon.
[[0;32m  OK  [0m] Started Login Service.
         Starting Authenticate and Authorize Users to Run Privileged Tasks...
[[0;32m  OK  [0m] Reached target Remote File Systems (Pre).
[[0;32m  OK  [0m] Reached target Remote File Systems.
         Starting LSB: VirtualBox Linux Additions...
         Starting LSB: automatic crash report generation...
         Starting LSB: daemon to balance interrupts for SMP systems...
         Starting Permit User Sessions...
         Starting LSB: Set the CPU Frequency Scaling governor to "ondemand"...
         Starting OpenBSD Secure Shell server...
[[0;32m  OK  [0m] Started OpenBSD Secure Shell server.
[[0;32m  OK  [0m] Started Permit User Sessions.
[[0;32m  OK  [0m] Started Authenticate and Authorize Users to Run Privileged Tasks.
[[0;32m  OK  [0m] Started Accounts Service.
[   58.270254] cloud-init[1229]:   en_US.UTF-8... done
         Starting Hold until boot process finishes up...
[   58.340846]          cloud-initStarting Terminate Plymouth Boot Screen...[1229]: 
Generation complete.
[[0;32m  OK  [0m] Started LSB: automatic crash report generation.
[[0;32m  OK  [0m] Started LSB: VirtualBox Linux Additions.
[[0;32m  OK  [0m] Started LSB: daemon to balance interrupts for SMP systems.
[[0;32m  OK  [0m] Started LSB: Set the CPU Frequency Scaling governor to "ondemand".
[[0;32m  OK  [0m] Started Hold until boot process finishes up.
[[0;32m  OK  [0m] Started Terminate Plymouth Boot Screen.
         Starting Set console scheme...
[[0;32m  OK  [0m] Started Getty on tty1.
[[0;32m  OK  [0m] Started Serial Getty on ttyS0.
[[0;32m  OK  [0m] Reached target Login Prompts.
[[0;32m  OK  [0m] Reached target Multi-User System.
[[0;32m  OK  [0m] Reached target Graphical Interface.
         Starting Update UTMP about System Runlevel Changes...
[[0;32m  OK  [0m] Started Set console scheme.
[[0;32m  OK  [0m] Started Update UTMP about System Runlevel Changes.
         Stopping OpenBSD Secure Shell server...
[[0;32m  OK  [0m] Stopped OpenBSD Secure Shell server.
         Starting OpenBSD Secure Shell server...
[[0;32m  OK  [0m] Started OpenBSD Secure Shell server.
[[0;32m  OK  [0m] Created slice User Slice of ubuntu.
         Starting User Manager for UID 1000...
[[0;32m  OK  [0m] Started Session 1 of user ubuntu.
[[0;32m  OK  [0m] Started User Manager for UID 1000.
[   59.353362] cloud-init[1229]: Cloud-init v. 0.7.8 running 'modules:config' at Fri, 03 Feb 2017 13:49:32 +0000. Up 57.38 seconds.
[[0;32m  OK  [0m] Started Apply the settings specified in cloud-config.
         Starting Execute cloud user/final scripts...
ci-info: no authorized ssh keys fingerprints found for user ubuntu.
<14>Feb  3 13:49:34 ec2: 
<14>Feb  3 13:49:34 ec2: #############################################################
<14>Feb  3 13:49:34 ec2: -----BEGIN SSH HOST KEY FINGERPRINTS-----
<14>Feb  3 13:49:34 ec2: 1024 SHA256:fybWjoBU2sX3W6ilVzhzwmIgcpJDxTEmKlRB/J4cZkE root@ubuntu-xenial (DSA)
<14>Feb  3 13:49:34 ec2: 256 SHA256:U1f0agh0mvysIOJsEqR+Hj8yLxcIktOvrj38liINHNQ root@ubuntu-xenial (ECDSA)
<14>Feb  3 13:49:34 ec2: 256 SHA256:W12lRvsUeJAO91GBb3luC1LkHVhXEi8QiURhhOfYz+4 root@ubuntu-xenial (ED25519)
<14>Feb  3 13:49:34 ec2: 2048 SHA256:wz8Vwv6Yq1qwxz5InPqQvnOLrSAY4xxcR73147BctGQ root@ubuntu-xenial (RSA)
<14>Feb  3 13:49:34 ec2: -----END SSH HOST KEY FINGERPRINTS-----
<14>Feb  3 13:49:34 ec2: #############################################################
-----BEGIN SSH HOST KEY KEYS-----
ecdsa-sha2-nistp256 AAAAE2VjZHNhLXNoYTItbmlzdHAyNTYAAAAIbmlzdHAyNTYAAABBBLq9wDNumxTNflwOX0+aSJfItjD2/+2/mu5kVbvgwdo45qapsDw4ohGhwk9S4NEfyeEvtpPvKXJ/r+o/Sexl8+4= root@ubuntu-xenial
ssh-ed25519 AAAAC3NzaC1lZDI1NTE5AAAAIEw8lQAuXSwNzUIpmp3hTEHWK5dlWBhqFF2ncK7F6FYr root@ubuntu-xenial
ssh-rsa AAAAB3NzaC1yc2EAAAADAQABAAABAQCdnMkJgIEpPZ0VOzMUtVEe+P/7uoYAx4wmj5Tc6QwWWWq+zyAUlgvRtnZjqZb7k9FnCf0Iwi52eJ/lVaD6rqZAIkwgqMRz3dsVb1FHGCtxeWW+C7zP5oV90h41qgK/mu65Dakst1HQP/jaPTR1L31w9Ubreisg/CD3CH9P2NopX86pejcH6SPzeJukFljKNQKUlMLRAJJ5UlYNF1L7e38Qwrq7afwEYrEaIk+TFEH3ibcd1TTBVNEW5BTmCKiuMgZZqLh2ezYueYz3HbWgy0w7XvKm0fLdN9kFrA3Lxxu0BCnp2nHGxz3vgbr+4KyYfQS0Sneu6v1FnYpJ45GYz3Tx root@ubuntu-xenial
-----END SSH HOST KEY KEYS-----
[[0;32m  OK  [0m] Started Session 2 of user ubuntu.
[   60.899103] cloud-init[1433]: Cloud-init v. 0.7.8 running 'modules:final' at Fri, 03 Feb 2017 13:49:34 +0000. Up 59.83 seconds.
[   61.033173] [cloud-init[0;32m  OK  [0m[1433]: ] ci-info: no authorized ssh keys fingerprints found for user ubuntu.Started Execute cloud user/final scripts.

[   61.033495] cloud-init[1433]: Cloud-init v. 0.7.8 finished at Fri, 03 Feb 2017 13:49:35 +0000. Datasource DataSourceNoCloud [seed=/dev/sdb][dsmode=net].  Up 60.88 seconds
[[0;32m  OK  [0m] Reached target Cloud-init target.

Ubuntu 16.04.1 LTS ubuntu-xenial ttyS0

ubuntu-xenial login: 